# JRE version: Java(TM) SE Runtime Environment (8.0_65-b17) (build 1.8.0_65-b17)
# Java VM: Java HotSpot(TM) 64-Bit Server VM (25.65-b01 mixed mode windows-amd64 compressed oops)
Heap:
 PSYoungGen      total 154624K, used 28638K [0x00000000eab00000, 0x00000000f7480000, 0x0000000100000000)
  eden space 136704K, 12% used [0x00000000eab00000,0x00000000ebbe7380,0x00000000f3080000)
  from space 17920K, 63% used [0x00000000f3080000,0x00000000f3b90700,0x00000000f4200000)
  to   space 17920K, 0% used [0x00000000f6300000,0x00000000f6300000,0x00000000f7480000)
 ParOldGen       total 64000K, used 40253K [0x00000000c0000000, 0x00000000c3e80000, 0x00000000eab00000)
  object space 64000K, 62% used [0x00000000c0000000,0x00000000c274f618,0x00000000c3e80000)
 Metaspace       used 50140K, capacity 51332K, committed 51456K, reserved 1093632K
  class space    used 6790K, capacity 7115K, committed 7168K, reserved 1048576K
GC Heap History (10 events):
Event: 9.865 GC heap before
{Heap before GC invocations=11 (full 1):
 PSYoungGen      total 84992K, used 45058K [0x00000000eab00000, 0x00000000f2980000, 0x0000000100000000)
  eden space 75264K, 48% used [0x00000000eab00000,0x00000000ece75850,0x00000000ef480000)
  from space 9728K, 89% used [0x00000000ef480000,0x00000000efd0b358,0x00000000efe00000)
  to   space 10752K, 0% used [0x00000000f1f00000,0x00000000f1f00000,0x00000000f2980000)
 ParOldGen       total 45056K, used 12302K [0x00000000c0000000, 0x00000000c2c00000, 0x00000000eab00000)
  object space 45056K, 27% used [0x00000000c0000000,0x00000000c0c038a0,0x00000000c2c00000)
 Metaspace       used 34803K, capacity 35378K, committed 35496K, reserved 1079296K
  class space    used 4627K, capacity 4830K, committed 4864K, reserved 1048576K
Event: 9.899 GC heap after
Heap after GC invocations=11 (full 1):
 PSYoungGen      total 118784K, used 6046K [0x00000000eab00000, 0x00000000f2900000, 0x0000000100000000)
  eden space 108544K, 0% used [0x00000000eab00000,0x00000000eab00000,0x00000000f1500000)
  from space 10240K, 59% used [0x00000000f1f00000,0x00000000f24e7bb8,0x00000000f2900000)
  to   space 10240K, 0% used [0x00000000f1500000,0x00000000f1500000,0x00000000f1f00000)
 ParOldGen       total 45056K, used 15627K [0x00000000c0000000, 0x00000000c2c00000, 0x00000000eab00000)
  object space 45056K, 34% used [0x00000000c0000000,0x00000000c0f42ce0,0x00000000c2c00000)
 Metaspace       used 34803K, capacity 35378K, committed 35496K, reserved 1079296K
  class space    used 4627K, capacity 4830K, committed 4864K, reserved 1048576K
}
Event: 9.899 GC heap before
{Heap before GC invocations=12 (full 2):
 PSYoungGen      total 118784K, used 6046K [0x00000000eab00000, 0x00000000f2900000, 0x0000000100000000)
  eden space 108544K, 0% used [0x00000000eab00000,0x00000000eab00000,0x00000000f1500000)
  from space 10240K, 59% used [0x00000000f1f00000,0x00000000f24e7bb8,0x00000000f2900000)
  to   space 10240K, 0% used [0x00000000f1500000,0x00000000f1500000,0x00000000f1f00000)
 ParOldGen       total 45056K, used 15627K [0x00000000c0000000, 0x00000000c2c00000, 0x00000000eab00000)
  object space 45056K, 34% used [0x00000000c0000000,0x00000000c0f42ce0,0x00000000c2c00000)
 Metaspace       used 34803K, capacity 35378K, committed 35496K, reserved 1079296K
  class space    used 4627K, capacity 4830K, committed 4864K, reserved 1048576K
Event: 10.157 GC heap after
Heap after GC invocations=12 (full 2):
 PSYoungGen      total 118784K, used 0K [0x00000000eab00000, 0x00000000f2900000, 0x0000000100000000)
  eden space 108544K, 0% used [0x00000000eab00000,0x00000000eab00000,0x00000000f1500000)
  from space 10240K, 0% used [0x00000000f1f00000,0x00000000f1f00000,0x00000000f2900000)
  to   space 10240K, 0% used [0x00000000f1500000,0x00000000f1500000,0x00000000f1f00000)
 ParOldGen       total 64000K, used 16804K [0x00000000c0000000, 0x00000000c3e80000, 0x00000000eab00000)
  object space 64000K, 26% used [0x00000000c0000000,0x00000000c1069218,0x00000000c3e80000)
 Metaspace       used 34777K, capacity 35290K, committed 35496K, reserved 1079296K
  class space    used 4619K, capacity 4822K, committed 4864K, reserved 1048576K
}
Event: 12.267 GC heap before
{Heap before GC invocations=13 (full 2):
 PSYoungGen      total 118784K, used 108544K [0x00000000eab00000, 0x00000000f2900000, 0x0000000100000000)
  eden space 108544K, 100% used [0x00000000eab00000,0x00000000f1500000,0x00000000f1500000)
  from space 10240K, 0% used [0x00000000f1f00000,0x00000000f1f00000,0x00000000f2900000)
  to   space 10240K, 0% used [0x00000000f1500000,0x00000000f1500000,0x00000000f1f00000)
 ParOldGen       total 64000K, used 16804K [0x00000000c0000000, 0x00000000c3e80000, 0x00000000eab00000)
  object space 64000K, 26% used [0x00000000c0000000,0x00000000c1069218,0x00000000c3e80000)
 Metaspace       used 41743K, capacity 42602K, committed 42752K, reserved 1085440K
  class space    used 5633K, capacity 5815K, committed 5888K, reserved 1048576K
Event: 12.285 GC heap after
Heap after GC invocations=13 (full 2):
 PSYoungGen      total 118784K, used 10214K [0x00000000eab00000, 0x00000000f4e00000, 0x0000000100000000)
  eden space 108544K, 0% used [0x00000000eab00000,0x00000000eab00000,0x00000000f1500000)
  from space 10240K, 99% used [0x00000000f1500000,0x00000000f1ef9aa0,0x00000000f1f00000)
  to   space 12288K, 0% used [0x00000000f4200000,0x00000000f4200000,0x00000000f4e00000)
 ParOldGen       total 64000K, used 19800K [0x00000000c0000000, 0x00000000c3e80000, 0x00000000eab00000)
  object space 64000K, 30% used [0x00000000c0000000,0x00000000c1356198,0x00000000c3e80000)
 Metaspace       used 41743K, capacity 42602K, committed 42752K, reserved 1085440K
  class space    used 5633K, capacity 5815K, committed 5888K, reserved 1048576K
}
Event: 17.070 GC heap before
{Heap before GC invocations=14 (full 2):
 PSYoungGen      total 118784K, used 118758K [0x00000000eab00000, 0x00000000f4e00000, 0x0000000100000000)
  eden space 108544K, 100% used [0x00000000eab00000,0x00000000f1500000,0x00000000f1500000)
  from space 10240K, 99% used [0x00000000f1500000,0x00000000f1ef9aa0,0x00000000f1f00000)
  to   space 12288K, 0% used [0x00000000f4200000,0x00000000f4200000,0x00000000f4e00000)
 ParOldGen       total 64000K, used 19800K [0x00000000c0000000, 0x00000000c3e80000, 0x00000000eab00000)
  object space 64000K, 30% used [0x00000000c0000000,0x00000000c1356198,0x00000000c3e80000)
 Metaspace       used 47571K, capacity 48642K, committed 48768K, reserved 1091584K
  class space    used 6513K, capacity 6777K, committed 6784K, reserved 1048576K
Event: 17.097 GC heap after
Heap after GC invocations=14 (full 2):
 PSYoungGen      total 148992K, used 12280K [0x00000000eab00000, 0x00000000f5580000, 0x0000000100000000)
  eden space 136704K, 0% used [0x00000000eab00000,0x00000000eab00000,0x00000000f3080000)
  from space 12288K, 99% used [0x00000000f4200000,0x00000000f4dfe398,0x00000000f4e00000)
  to   space 17920K, 0% used [0x00000000f3080000,0x00000000f3080000,0x00000000f4200000)
 ParOldGen       total 64000K, used 30529K [0x00000000c0000000, 0x00000000c3e80000, 0x00000000eab00000)
  object space 64000K, 47% used [0x00000000c0000000,0x00000000c1dd0548,0x00000000c3e80000)
 Metaspace       used 47571K, capacity 48642K, committed 48768K, reserved 1091584K
  class space    used 6513K, capacity 6777K, committed 6784K, reserved 1048576K
}
Event: 21.134 GC heap before
{Heap before GC invocations=15 (full 2):
 PSYoungGen      total 148992K, used 148984K [0x00000000eab00000, 0x00000000f5580000, 0x0000000100000000)
  eden space 136704K, 100% used [0x00000000eab00000,0x00000000f3080000,0x00000000f3080000)
  from space 12288K, 99% used [0x00000000f4200000,0x00000000f4dfe398,0x00000000f4e00000)
  to   space 17920K, 0% used [0x00000000f3080000,0x00000000f3080000,0x00000000f4200000)
 ParOldGen       total 64000K, used 30529K [0x00000000c0000000, 0x00000000c3e80000, 0x00000000eab00000)
  object space 64000K, 47% used [0x00000000c0000000,0x00000000c1dd0548,0x00000000c3e80000)
 Metaspace       used 50132K, capacity 51268K, committed 51456K, reserved 1093632K
  class space    used 6789K, capacity 7115K, committed 7168K, reserved 1048576K
Event: 21.169 GC heap after
Heap after GC invocations=15 (full 2):
 PSYoungGen      total 154624K, used 11329K [0x00000000eab00000, 0x00000000f7480000, 0x0000000100000000)
  eden space 136704K, 0% used [0x00000000eab00000,0x00000000eab00000,0x00000000f3080000)
  from space 17920K, 63% used [0x00000000f3080000,0x00000000f3b90700,0x00000000f4200000)
  to   space 17920K, 0% used [0x00000000f6300000,0x00000000f6300000,0x00000000f7480000)
 ParOldGen       total 64000K, used 40253K [0x00000000c0000000, 0x00000000c3e80000, 0x00000000eab00000)
  object space 64000K, 62% used [0x00000000c0000000,0x00000000c274f618,0x00000000c3e80000)
 Metaspace       used 50132K, capacity 51268K, committed 51456K, reserved 1093632K
  class space    used 6789K, capacity 7115K, committed 7168K, reserved 1048576K
}

