# JRE version: Java(TM) SE Runtime Environment (8.0_65-b17) (build 1.8.0_65-b17)
# Java VM: Java HotSpot(TM) 64-Bit Server VM (25.65-b01 mixed mode windows-amd64 compressed oops)
Heap:
 PSYoungGen      total 152064K, used 42891K [0x00000000eab00000, 0x00000000f7500000, 0x0000000100000000)
  eden space 137728K, 24% used [0x00000000eab00000,0x00000000ecb77a40,0x00000000f3180000)
  from space 14336K, 67% used [0x00000000f3180000,0x00000000f3aeb318,0x00000000f3f80000)
  to   space 14336K, 0% used [0x00000000f6700000,0x00000000f6700000,0x00000000f7500000)
 ParOldGen       total 70144K, used 37263K [0x00000000c0000000, 0x00000000c4480000, 0x00000000eab00000)
  object space 70144K, 53% used [0x00000000c0000000,0x00000000c2463fc0,0x00000000c4480000)
 Metaspace       used 53357K, capacity 54532K, committed 54784K, reserved 1095680K
  class space    used 7298K, capacity 7582K, committed 7680K, reserved 1048576K
GC Heap History (10 events):
Event: 14.365 GC heap before
{Heap before GC invocations=11 (full 1):
 PSYoungGen      total 87040K, used 64588K [0x00000000eab00000, 0x00000000f2700000, 0x0000000100000000)
  eden space 77824K, 71% used [0x00000000eab00000,0x00000000ee1b2268,0x00000000ef700000)
  from space 9216K, 93% used [0x00000000ef700000,0x00000000eff610c8,0x00000000f0000000)
  to   space 10240K, 0% used [0x00000000f1d00000,0x00000000f1d00000,0x00000000f2700000)
 ParOldGen       total 49152K, used 11785K [0x00000000c0000000, 0x00000000c3000000, 0x00000000eab00000)
  object space 49152K, 23% used [0x00000000c0000000,0x00000000c0b82788,0x00000000c3000000)
 Metaspace       used 34698K, capacity 35302K, committed 35456K, reserved 1079296K
  class space    used 4717K, capacity 4891K, committed 4992K, reserved 1048576K
Event: 14.391 GC heap after
Heap after GC invocations=11 (full 1):
 PSYoungGen      total 114688K, used 10228K [0x00000000eab00000, 0x00000000f2900000, 0x0000000100000000)
  eden space 104448K, 0% used [0x00000000eab00000,0x00000000eab00000,0x00000000f1100000)
  from space 10240K, 99% used [0x00000000f1d00000,0x00000000f26fd0a0,0x00000000f2700000)
  to   space 12288K, 0% used [0x00000000f1100000,0x00000000f1100000,0x00000000f1d00000)
 ParOldGen       total 49152K, used 14661K [0x00000000c0000000, 0x00000000c3000000, 0x00000000eab00000)
  object space 49152K, 29% used [0x00000000c0000000,0x00000000c0e51770,0x00000000c3000000)
 Metaspace       used 34698K, capacity 35302K, committed 35456K, reserved 1079296K
  class space    used 4717K, capacity 4891K, committed 4992K, reserved 1048576K
}
Event: 14.391 GC heap before
{Heap before GC invocations=12 (full 2):
 PSYoungGen      total 114688K, used 10228K [0x00000000eab00000, 0x00000000f2900000, 0x0000000100000000)
  eden space 104448K, 0% used [0x00000000eab00000,0x00000000eab00000,0x00000000f1100000)
  from space 10240K, 99% used [0x00000000f1d00000,0x00000000f26fd0a0,0x00000000f2700000)
  to   space 12288K, 0% used [0x00000000f1100000,0x00000000f1100000,0x00000000f1d00000)
 ParOldGen       total 49152K, used 14661K [0x00000000c0000000, 0x00000000c3000000, 0x00000000eab00000)
  object space 49152K, 29% used [0x00000000c0000000,0x00000000c0e51770,0x00000000c3000000)
 Metaspace       used 34698K, capacity 35302K, committed 35456K, reserved 1079296K
  class space    used 4717K, capacity 4891K, committed 4992K, reserved 1048576K
Event: 14.548 GC heap after
Heap after GC invocations=12 (full 2):
 PSYoungGen      total 114688K, used 0K [0x00000000eab00000, 0x00000000f2900000, 0x0000000100000000)
  eden space 104448K, 0% used [0x00000000eab00000,0x00000000eab00000,0x00000000f1100000)
  from space 10240K, 0% used [0x00000000f1d00000,0x00000000f1d00000,0x00000000f2700000)
  to   space 12288K, 0% used [0x00000000f1100000,0x00000000f1100000,0x00000000f1d00000)
 ParOldGen       total 70144K, used 20636K [0x00000000c0000000, 0x00000000c4480000, 0x00000000eab00000)
  object space 70144K, 29% used [0x00000000c0000000,0x00000000c14271d8,0x00000000c4480000)
 Metaspace       used 34698K, capacity 35302K, committed 35456K, reserved 1079296K
  class space    used 4717K, capacity 4891K, committed 4992K, reserved 1048576K
}
Event: 16.891 GC heap before
{Heap before GC invocations=13 (full 2):
 PSYoungGen      total 114688K, used 104448K [0x00000000eab00000, 0x00000000f2900000, 0x0000000100000000)
  eden space 104448K, 100% used [0x00000000eab00000,0x00000000f1100000,0x00000000f1100000)
  from space 10240K, 0% used [0x00000000f1d00000,0x00000000f1d00000,0x00000000f2700000)
  to   space 12288K, 0% used [0x00000000f1100000,0x00000000f1100000,0x00000000f1d00000)
 ParOldGen       total 70144K, used 20636K [0x00000000c0000000, 0x00000000c4480000, 0x00000000eab00000)
  object space 70144K, 29% used [0x00000000c0000000,0x00000000c14271d8,0x00000000c4480000)
 Metaspace       used 41772K, capacity 42612K, committed 42880K, reserved 1085440K
  class space    used 5778K, capacity 5957K, committed 6016K, reserved 1048576K
Event: 16.943 GC heap after
Heap after GC invocations=13 (full 2):
 PSYoungGen      total 116736K, used 12275K [0x00000000eab00000, 0x00000000f4f80000, 0x0000000100000000)
  eden space 104448K, 0% used [0x00000000eab00000,0x00000000eab00000,0x00000000f1100000)
  from space 12288K, 99% used [0x00000000f1100000,0x00000000f1cfce80,0x00000000f1d00000)
  to   space 13824K, 0% used [0x00000000f4200000,0x00000000f4200000,0x00000000f4f80000)
 ParOldGen       total 70144K, used 20644K [0x00000000c0000000, 0x00000000c4480000, 0x00000000eab00000)
  object space 70144K, 29% used [0x00000000c0000000,0x00000000c14291d8,0x00000000c4480000)
 Metaspace       used 41772K, capacity 42612K, committed 42880K, reserved 1085440K
  class space    used 5778K, capacity 5957K, committed 6016K, reserved 1048576K
}
Event: 19.714 GC heap before
{Heap before GC invocations=14 (full 2):
 PSYoungGen      total 116736K, used 116723K [0x00000000eab00000, 0x00000000f4f80000, 0x0000000100000000)
  eden space 104448K, 100% used [0x00000000eab00000,0x00000000f1100000,0x00000000f1100000)
  from space 12288K, 99% used [0x00000000f1100000,0x00000000f1cfce80,0x00000000f1d00000)
  to   space 13824K, 0% used [0x00000000f4200000,0x00000000f4200000,0x00000000f4f80000)
 ParOldGen       total 70144K, used 20644K [0x00000000c0000000, 0x00000000c4480000, 0x00000000eab00000)
  object space 70144K, 29% used [0x00000000c0000000,0x00000000c14291d8,0x00000000c4480000)
 Metaspace       used 45243K, capacity 46280K, committed 46464K, reserved 1089536K
  class space    used 6250K, capacity 6506K, committed 6528K, reserved 1048576K
Event: 19.740 GC heap after
Heap after GC invocations=14 (full 2):
 PSYoungGen      total 149504K, used 9464K [0x00000000eab00000, 0x00000000f4d80000, 0x0000000100000000)
  eden space 137728K, 0% used [0x00000000eab00000,0x00000000eab00000,0x00000000f3180000)
  from space 11776K, 80% used [0x00000000f4200000,0x00000000f4b3e090,0x00000000f4d80000)
  to   space 14336K, 0% used [0x00000000f3180000,0x00000000f3180000,0x00000000f3f80000)
 ParOldGen       total 70144K, used 30199K [0x00000000c0000000, 0x00000000c4480000, 0x00000000eab00000)
  object space 70144K, 43% used [0x00000000c0000000,0x00000000c1d7df30,0x00000000c4480000)
 Metaspace       used 45243K, capacity 46280K, committed 46464K, reserved 1089536K
  class space    used 6250K, capacity 6506K, committed 6528K, reserved 1048576K
}
Event: 25.324 GC heap before
{Heap before GC invocations=15 (full 2):
 PSYoungGen      total 149504K, used 147192K [0x00000000eab00000, 0x00000000f4d80000, 0x0000000100000000)
  eden space 137728K, 100% used [0x00000000eab00000,0x00000000f3180000,0x00000000f3180000)
  from space 11776K, 80% used [0x00000000f4200000,0x00000000f4b3e090,0x00000000f4d80000)
  to   space 14336K, 0% used [0x00000000f3180000,0x00000000f3180000,0x00000000f3f80000)
 ParOldGen       total 70144K, used 30199K [0x00000000c0000000, 0x00000000c4480000, 0x00000000eab00000)
  object space 70144K, 43% used [0x00000000c0000000,0x00000000c1d7df30,0x00000000c4480000)
 Metaspace       used 53218K, capacity 54334K, committed 54528K, reserved 1095680K
  class space    used 7277K, capacity 7581K, committed 7680K, reserved 1048576K
Event: 25.428 GC heap after
Heap after GC invocations=15 (full 2):
 PSYoungGen      total 152064K, used 9644K [0x00000000eab00000, 0x00000000f7500000, 0x0000000100000000)
  eden space 137728K, 0% used [0x00000000eab00000,0x00000000eab00000,0x00000000f3180000)
  from space 14336K, 67% used [0x00000000f3180000,0x00000000f3aeb318,0x00000000f3f80000)
  to   space 14336K, 0% used [0x00000000f6700000,0x00000000f6700000,0x00000000f7500000)
 ParOldGen       total 70144K, used 37263K [0x00000000c0000000, 0x00000000c4480000, 0x00000000eab00000)
  object space 70144K, 53% used [0x00000000c0000000,0x00000000c2463fc0,0x00000000c4480000)
 Metaspace       used 53218K, capacity 54334K, committed 54528K, reserved 1095680K
  class space    used 7277K, capacity 7581K, committed 7680K, reserved 1048576K
}

