# JRE version: Java(TM) SE Runtime Environment (8.0_65-b17) (build 1.8.0_65-b17)
# Java VM: Java HotSpot(TM) 64-Bit Server VM (25.65-b01 mixed mode windows-amd64 compressed oops)
Heap:
 PSYoungGen      total 310272K, used 191176K [0x00000000eab00000, 0x00000000fe700000, 0x0000000100000000)
  eden space 299008K, 63% used [0x00000000eab00000,0x00000000f65b2068,0x00000000fcf00000)
  from space 11264K, 0% used [0x00000000fdc00000,0x00000000fdc00000,0x00000000fe700000)
  to   space 12288K, 0% used [0x00000000fcf00000,0x00000000fcf00000,0x00000000fdb00000)
 ParOldGen       total 66048K, used 35537K [0x00000000c0000000, 0x00000000c4080000, 0x00000000eab00000)
  object space 66048K, 53% used [0x00000000c0000000,0x00000000c22b4468,0x00000000c4080000)
 Metaspace       used 60134K, capacity 63658K, committed 63744K, reserved 1103872K
  class space    used 7875K, capacity 8415K, committed 8448K, reserved 1048576K
GC Heap History (10 events):
Event: 1393.932 GC heap before
{Heap before GC invocations=30 (full 8):
 PSYoungGen      total 311808K, used 2192K [0x00000000eab00000, 0x00000000fe900000, 0x0000000100000000)
  eden space 299008K, 0% used [0x00000000eab00000,0x00000000eab00000,0x00000000fcf00000)
  from space 12800K, 17% used [0x00000000fdc80000,0x00000000fdea4010,0x00000000fe900000)
  to   space 13312K, 0% used [0x00000000fcf00000,0x00000000fcf00000,0x00000000fdc00000)
 ParOldGen       total 66048K, used 39108K [0x00000000c0000000, 0x00000000c4080000, 0x00000000eab00000)
  object space 66048K, 59% used [0x00000000c0000000,0x00000000c2631308,0x00000000c4080000)
 Metaspace       used 58696K, capacity 62002K, committed 62080K, reserved 1103872K
  class space    used 7834K, capacity 8317K, committed 8320K, reserved 1048576K
Event: 1394.296 GC heap after
Heap after GC invocations=30 (full 8):
 PSYoungGen      total 311808K, used 0K [0x00000000eab00000, 0x00000000fe900000, 0x0000000100000000)
  eden space 299008K, 0% used [0x00000000eab00000,0x00000000eab00000,0x00000000fcf00000)
  from space 12800K, 0% used [0x00000000fdc80000,0x00000000fdc80000,0x00000000fe900000)
  to   space 13312K, 0% used [0x00000000fcf00000,0x00000000fcf00000,0x00000000fdc00000)
 ParOldGen       total 66048K, used 35416K [0x00000000c0000000, 0x00000000c4080000, 0x00000000eab00000)
  object space 66048K, 53% used [0x00000000c0000000,0x00000000c22963b0,0x00000000c4080000)
 Metaspace       used 58584K, capacity 61824K, committed 62080K, reserved 1103872K
  class space    used 7816K, capacity 8284K, committed 8320K, reserved 1048576K
}
Event: 1585.760 GC heap before
{Heap before GC invocations=31 (full 8):
 PSYoungGen      total 311808K, used 135185K [0x00000000eab00000, 0x00000000fe900000, 0x0000000100000000)
  eden space 299008K, 45% used [0x00000000eab00000,0x00000000f2f045b8,0x00000000fcf00000)
  from space 12800K, 0% used [0x00000000fdc80000,0x00000000fdc80000,0x00000000fe900000)
  to   space 13312K, 0% used [0x00000000fcf00000,0x00000000fcf00000,0x00000000fdc00000)
 ParOldGen       total 66048K, used 35416K [0x00000000c0000000, 0x00000000c4080000, 0x00000000eab00000)
  object space 66048K, 53% used [0x00000000c0000000,0x00000000c22963b0,0x00000000c4080000)
 Metaspace       used 58753K, capacity 62058K, committed 62464K, reserved 1103872K
  class space    used 7825K, capacity 8295K, committed 8448K, reserved 1048576K
Event: 1585.766 GC heap after
Heap after GC invocations=31 (full 8):
 PSYoungGen      total 312320K, used 1264K [0x00000000eab00000, 0x00000000fe900000, 0x0000000100000000)
  eden space 299008K, 0% used [0x00000000eab00000,0x00000000eab00000,0x00000000fcf00000)
  from space 13312K, 9% used [0x00000000fcf00000,0x00000000fd03c030,0x00000000fdc00000)
  to   space 13312K, 0% used [0x00000000fdc00000,0x00000000fdc00000,0x00000000fe900000)
 ParOldGen       total 66048K, used 35424K [0x00000000c0000000, 0x00000000c4080000, 0x00000000eab00000)
  object space 66048K, 53% used [0x00000000c0000000,0x00000000c22983b0,0x00000000c4080000)
 Metaspace       used 58753K, capacity 62058K, committed 62464K, reserved 1103872K
  class space    used 7825K, capacity 8295K, committed 8448K, reserved 1048576K
}
Event: 1585.766 GC heap before
{Heap before GC invocations=32 (full 9):
 PSYoungGen      total 312320K, used 1264K [0x00000000eab00000, 0x00000000fe900000, 0x0000000100000000)
  eden space 299008K, 0% used [0x00000000eab00000,0x00000000eab00000,0x00000000fcf00000)
  from space 13312K, 9% used [0x00000000fcf00000,0x00000000fd03c030,0x00000000fdc00000)
  to   space 13312K, 0% used [0x00000000fdc00000,0x00000000fdc00000,0x00000000fe900000)
 ParOldGen       total 66048K, used 35424K [0x00000000c0000000, 0x00000000c4080000, 0x00000000eab00000)
  object space 66048K, 53% used [0x00000000c0000000,0x00000000c22983b0,0x00000000c4080000)
 Metaspace       used 58753K, capacity 62058K, committed 62464K, reserved 1103872K
  class space    used 7825K, capacity 8295K, committed 8448K, reserved 1048576K
Event: 1586.063 GC heap after
Heap after GC invocations=32 (full 9):
 PSYoungGen      total 312320K, used 0K [0x00000000eab00000, 0x00000000fe900000, 0x0000000100000000)
  eden space 299008K, 0% used [0x00000000eab00000,0x00000000eab00000,0x00000000fcf00000)
  from space 13312K, 0% used [0x00000000fcf00000,0x00000000fcf00000,0x00000000fdc00000)
  to   space 13312K, 0% used [0x00000000fdc00000,0x00000000fdc00000,0x00000000fe900000)
 ParOldGen       total 66048K, used 34630K [0x00000000c0000000, 0x00000000c4080000, 0x00000000eab00000)
  object space 66048K, 52% used [0x00000000c0000000,0x00000000c21d1b08,0x00000000c4080000)
 Metaspace       used 58753K, capacity 62058K, committed 62464K, reserved 1103872K
  class space    used 7825K, capacity 8295K, committed 8448K, reserved 1048576K
}
Event: 2457.073 GC heap before
{Heap before GC invocations=33 (full 9):
 PSYoungGen      total 312320K, used 298960K [0x00000000eab00000, 0x00000000fe900000, 0x0000000100000000)
  eden space 299008K, 99% used [0x00000000eab00000,0x00000000fcef43c0,0x00000000fcf00000)
  from space 13312K, 0% used [0x00000000fcf00000,0x00000000fcf00000,0x00000000fdc00000)
  to   space 13312K, 0% used [0x00000000fdc00000,0x00000000fdc00000,0x00000000fe900000)
 ParOldGen       total 66048K, used 34630K [0x00000000c0000000, 0x00000000c4080000, 0x00000000eab00000)
  object space 66048K, 52% used [0x00000000c0000000,0x00000000c21d1b08,0x00000000c4080000)
 Metaspace       used 59644K, capacity 63170K, committed 63232K, reserved 1103872K
  class space    used 7859K, capacity 8415K, committed 8448K, reserved 1048576K
Event: 2457.114 GC heap after
Heap after GC invocations=33 (full 9):
 PSYoungGen      total 310272K, used 3728K [0x00000000eab00000, 0x00000000fe700000, 0x0000000100000000)
  eden space 299008K, 0% used [0x00000000eab00000,0x00000000eab00000,0x00000000fcf00000)
  from space 11264K, 33% used [0x00000000fdc00000,0x00000000fdfa4150,0x00000000fe700000)
  to   space 12288K, 0% used [0x00000000fcf00000,0x00000000fcf00000,0x00000000fdb00000)
 ParOldGen       total 66048K, used 34638K [0x00000000c0000000, 0x00000000c4080000, 0x00000000eab00000)
  object space 66048K, 52% used [0x00000000c0000000,0x00000000c21d3b08,0x00000000c4080000)
 Metaspace       used 59644K, capacity 63170K, committed 63232K, reserved 1103872K
  class space    used 7859K, capacity 8415K, committed 8448K, reserved 1048576K
}
Event: 2457.114 GC heap before
{Heap before GC invocations=34 (full 10):
 PSYoungGen      total 310272K, used 3728K [0x00000000eab00000, 0x00000000fe700000, 0x0000000100000000)
  eden space 299008K, 0% used [0x00000000eab00000,0x00000000eab00000,0x00000000fcf00000)
  from space 11264K, 33% used [0x00000000fdc00000,0x00000000fdfa4150,0x00000000fe700000)
  to   space 12288K, 0% used [0x00000000fcf00000,0x00000000fcf00000,0x00000000fdb00000)
 ParOldGen       total 66048K, used 34638K [0x00000000c0000000, 0x00000000c4080000, 0x00000000eab00000)
  object space 66048K, 52% used [0x00000000c0000000,0x00000000c21d3b08,0x00000000c4080000)
 Metaspace       used 59644K, capacity 63170K, committed 63232K, reserved 1103872K
  class space    used 7859K, capacity 8415K, committed 8448K, reserved 1048576K
Event: 2457.706 GC heap after
Heap after GC invocations=34 (full 10):
 PSYoungGen      total 310272K, used 0K [0x00000000eab00000, 0x00000000fe700000, 0x0000000100000000)
  eden space 299008K, 0% used [0x00000000eab00000,0x00000000eab00000,0x00000000fcf00000)
  from space 11264K, 0% used [0x00000000fdc00000,0x00000000fdc00000,0x00000000fe700000)
  to   space 12288K, 0% used [0x00000000fcf00000,0x00000000fcf00000,0x00000000fdb00000)
 ParOldGen       total 66048K, used 35537K [0x00000000c0000000, 0x00000000c4080000, 0x00000000eab00000)
  object space 66048K, 53% used [0x00000000c0000000,0x00000000c22b4468,0x00000000c4080000)
 Metaspace       used 59611K, capacity 63104K, committed 63232K, reserved 1103872K
  class space    used 7853K, capacity 8404K, committed 8448K, reserved 1048576K
}

